
> dream-massage-server@0.1.0 dev
> tsx watch index.ts

[2026-06-09T22:57:36.336Z] [INFO ] ─────────────────────────────────────────
[2026-06-09T22:57:36.338Z] [INFO ] Dream Massage realtime server started
[2026-06-09T22:57:36.338Z] [INFO ]   Port       : 4000
[2026-06-09T22:57:36.338Z] [INFO ]   Mode       : development
[2026-06-09T22:57:36.338Z] [INFO ]   Origin     : http://localhost:3000
[2026-06-09T22:57:36.338Z] [INFO ]   Simulation : OFF
[2026-06-09T22:57:36.339Z] [INFO ]   Shelly     : configured
[2026-06-09T22:57:36.339Z] [INFO ] ─────────────────────────────────────────
[2026-06-09T22:57:36.339Z] [INFO ] [realtime-job] Starting — interval 1000ms, simulation OFF, fast-mode OFF
[2026-06-09T22:57:41.387Z] [INFO ] [realtime-job] Tick #5 — 3 ACTIVE, 0 MAYBE_FINISHED, 5 total chairs
[2026-06-09T22:57:46.432Z] [INFO ] [realtime-job] Tick #10 — 3 ACTIVE, 0 MAYBE_FINISHED, 5 total chairs
[2026-06-09T22:57:51.482Z] [INFO ] [realtime-job] Tick #15 — 3 ACTIVE, 0 MAYBE_FINISHED, 5 total chairs
[2026-06-09T22:57:56.529Z] [INFO ] [realtime-job] Tick #20 — 3 ACTIVE, 0 MAYBE_FINISHED, 5 total chairs
[2026-06-09T22:58:01.583Z] [INFO ] [realtime-job] Tick #25 — 3 ACTIVE, 0 MAYBE_FINISHED, 5 total chairs
[2026-06-09T22:58:06.640Z] [INFO ] [realtime-job] Tick #30 — 3 ACTIVE, 0 MAYBE_FINISHED, 5 total chairs
[2026-06-09T22:58:11.661Z] [INFO ] [realtime-job] Tick #35 — 3 ACTIVE, 0 MAYBE_FINISHED, 5 total chairs
[2026-06-09T22:58:16.713Z] [INFO ] [realtime-job] Tick #40 — 3 ACTIVE, 0 MAYBE_FINISHED, 5 total chairs
[2026-06-09T22:58:21.765Z] [INFO ] [realtime-job] Tick #45 — 3 ACTIVE, 0 MAYBE_FINISHED, 5 total chairs
[2026-06-09T22:58:26.802Z] [INFO ] [realtime-job] Tick #50 — 3 ACTIVE, 0 MAYBE_FINISHED, 5 total chairs
[2026-06-09T22:58:31.838Z] [INFO ] [realtime-job] Tick #55 — 3 ACTIVE, 0 MAYBE_FINISHED, 5 total chairs
[2026-06-09T22:58:36.881Z] [INFO ] [realtime-job] Tick #60 — 3 ACTIVE, 0 MAYBE_FINISHED, 5 total chairs
[2026-06-09T22:58:41.929Z] [INFO ] [realtime-job] Tick #65 — 3 ACTIVE, 0 MAYBE_FINISHED, 5 total chairs
[2026-06-09T22:58:46.975Z] [INFO ] [realtime-job] Tick #70 — 3 ACTIVE, 0 MAYBE_FINISHED, 5 total chairs
[2026-06-09T22:58:52.025Z] [INFO ] [realtime-job] Tick #75 — 3 ACTIVE, 0 MAYBE_FINISHED, 5 total chairs
[2026-06-09T22:58:57.064Z] [INFO ] [realtime-job] Tick #80 — 3 ACTIVE, 0 MAYBE_FINISHED, 5 total chairs
[2026-06-09T22:59:02.107Z] [INFO ] [realtime-job] Tick #85 — 3 ACTIVE, 0 MAYBE_FINISHED, 5 total chairs
[2026-06-09T22:59:07.149Z] [INFO ] [realtime-job] Tick #90 — 3 ACTIVE, 0 MAYBE_FINISHED, 5 total chairs
[2026-06-09T22:59:12.200Z] [INFO ] [realtime-job] Tick #95 — 3 ACTIVE, 0 MAYBE_FINISHED, 5 total chairs
[2026-06-09T22:59:17.259Z] [INFO ] [realtime-job] Tick #100 — 3 ACTIVE, 0 MAYBE_FINISHED, 5 total chairs
[2026-06-09T22:59:22.299Z] [INFO ] [realtime-job] Tick #105 — 3 ACTIVE, 0 MAYBE_FINISHED, 5 total chairs
[2026-06-09T22:59:27.351Z] [INFO ] [realtime-job] Tick #110 — 3 ACTIVE, 0 MAYBE_FINISHED, 5 total chairs
[2026-06-09T22:59:32.395Z] [INFO ] [realtime-job] Tick #115 — 3 ACTIVE, 0 MAYBE_FINISHED, 5 total chairs
[2026-06-09T22:59:37.447Z] [INFO ] [realtime-job] Tick #120 — 3 ACTIVE, 0 MAYBE_FINISHED, 5 total chairs
[2026-06-09T22:59:42.495Z] [INFO ] [realtime-job] Tick #125 — 3 ACTIVE, 0 MAYBE_FINISHED, 5 total chairs
[2026-06-09T22:59:47.531Z] [INFO ] [realtime-job] Tick #130 — 3 ACTIVE, 0 MAYBE_FINISHED, 5 total chairs
[2026-06-09T22:59:52.583Z] [INFO ] [realtime-job] Tick #135 — 3 ACTIVE, 0 MAYBE_FINISHED, 5 total chairs
[2026-06-09T22:59:57.629Z] [INFO ] [realtime-job] Tick #140 — 3 ACTIVE, 0 MAYBE_FINISHED, 5 total chairs
[2026-06-09T23:00:02.663Z] [INFO ] [realtime-job] Tick #145 — 3 ACTIVE, 0 MAYBE_FINISHED, 5 total chairs
[2026-06-09T23:00:07.707Z] [INFO ] [realtime-job] Tick #150 — 3 ACTIVE, 0 MAYBE_FINISHED, 5 total chairs
[2026-06-09T23:00:12.760Z] [INFO ] [realtime-job] Tick #155 — 3 ACTIVE, 0 MAYBE_FINISHED, 5 total chairs
[2026-06-09T23:00:17.814Z] [INFO ] [realtime-job] Tick #160 — 3 ACTIVE, 0 MAYBE_FINISHED, 5 total chairs
[2026-06-09T23:00:22.854Z] [INFO ] [realtime-job] Tick #165 — 3 ACTIVE, 0 MAYBE_FINISHED, 5 total chairs
[2026-06-09T23:00:27.907Z] [INFO ] [realtime-job] Tick #170 — 3 ACTIVE, 0 MAYBE_FINISHED, 5 total chairs
[2026-06-09T23:00:32.947Z] [INFO ] [realtime-job] Tick #175 — 3 ACTIVE, 0 MAYBE_FINISHED, 5 total chairs
[2026-06-09T23:00:37.992Z] [INFO ] [realtime-job] Tick #180 — 3 ACTIVE, 0 MAYBE_FINISHED, 5 total chairs
[2026-06-09T23:00:43.053Z] [INFO ] [realtime-job] Tick #185 — 3 ACTIVE, 0 MAYBE_FINISHED, 5 total chairs
[2026-06-09T23:00:48.104Z] [INFO ] [realtime-job] Tick #190 — 3 ACTIVE, 0 MAYBE_FINISHED, 5 total chairs
[2026-06-09T23:00:53.143Z] [INFO ] [realtime-job] Tick #195 — 3 ACTIVE, 0 MAYBE_FINISHED, 5 total chairs
[2026-06-09T23:00:58.197Z] [INFO ] [realtime-job] Tick #200 — 3 ACTIVE, 0 MAYBE_FINISHED, 5 total chairs
[2026-06-09T23:01:03.238Z] [INFO ] [realtime-job] Tick #205 — 3 ACTIVE, 0 MAYBE_FINISHED, 5 total chairs
[2026-06-09T23:01:08.283Z] [INFO ] [realtime-job] Tick #210 — 3 ACTIVE, 0 MAYBE_FINISHED, 5 total chairs
[2026-06-09T23:01:13.321Z] [INFO ] [realtime-job] Tick #215 — 3 ACTIVE, 0 MAYBE_FINISHED, 5 total chairs
[2026-06-09T23:01:18.381Z] [INFO ] [realtime-job] Tick #220 — 3 ACTIVE, 0 MAYBE_FINISHED, 5 total chairs
[2026-06-09T23:01:23.430Z] [INFO ] [realtime-job] Tick #225 — 3 ACTIVE, 0 MAYBE_FINISHED, 5 total chairs
[2026-06-09T23:01:28.476Z] [INFO ] [realtime-job] Tick #230 — 3 ACTIVE, 0 MAYBE_FINISHED, 5 total chairs
[2026-06-09T23:01:33.526Z] [INFO ] [realtime-job] Tick #235 — 3 ACTIVE, 0 MAYBE_FINISHED, 5 total chairs
[2026-06-09T23:01:38.579Z] [INFO ] [realtime-job] Tick #240 — 3 ACTIVE, 0 MAYBE_FINISHED, 5 total chairs
[2026-06-09T23:01:43.628Z] [INFO ] [realtime-job] Tick #245 — 3 ACTIVE, 0 MAYBE_FINISHED, 5 total chairs
[2026-06-09T23:01:48.681Z] [INFO ] [realtime-job] Tick #250 — 3 ACTIVE, 0 MAYBE_FINISHED, 5 total chairs
[2026-06-09T23:01:53.702Z] [INFO ] [realtime-job] Tick #255 — 3 ACTIVE, 0 MAYBE_FINISHED, 5 total chairs
[2026-06-09T23:01:58.739Z] [INFO ] [realtime-job] Tick #260 — 3 ACTIVE, 0 MAYBE_FINISHED, 5 total chairs
[2026-06-09T23:02:03.785Z] [INFO ] [realtime-job] Tick #265 — 3 ACTIVE, 0 MAYBE_FINISHED, 5 total chairs
[2026-06-09T23:02:08.822Z] [INFO ] [realtime-job] Tick #270 — 3 ACTIVE, 0 MAYBE_FINISHED, 5 total chairs
[2026-06-09T23:02:13.866Z] [INFO ] [realtime-job] Tick #275 — 3 ACTIVE, 0 MAYBE_FINISHED, 5 total chairs
[2026-06-09T23:02:18.905Z] [INFO ] [realtime-job] Tick #280 — 3 ACTIVE, 0 MAYBE_FINISHED, 5 total chairs
[2026-06-09T23:02:23.941Z] [INFO ] [realtime-job] Tick #285 — 3 ACTIVE, 0 MAYBE_FINISHED, 5 total chairs
[2026-06-09T23:02:28.984Z] [INFO ] [realtime-job] Tick #290 — 3 ACTIVE, 0 MAYBE_FINISHED, 5 total chairs
[2026-06-09T23:02:34.033Z] [INFO ] [realtime-job] Tick #295 — 3 ACTIVE, 0 MAYBE_FINISHED, 5 total chairs
[2026-06-09T23:02:39.078Z] [INFO ] [realtime-job] Tick #300 — 3 ACTIVE, 0 MAYBE_FINISHED, 5 total chairs
[2026-06-09T23:02:44.120Z] [INFO ] [realtime-job] Tick #305 — 3 ACTIVE, 0 MAYBE_FINISHED, 5 total chairs
[2026-06-09T23:02:49.172Z] [INFO ] [realtime-job] Tick #310 — 3 ACTIVE, 0 MAYBE_FINISHED, 5 total chairs
[2026-06-09T23:02:54.208Z] [INFO ] [realtime-job] Tick #315 — 3 ACTIVE, 0 MAYBE_FINISHED, 5 total chairs
[2026-06-09T23:02:59.260Z] [INFO ] [realtime-job] Tick #320 — 3 ACTIVE, 0 MAYBE_FINISHED, 5 total chairs
[2026-06-09T23:03:04.307Z] [INFO ] [realtime-job] Tick #325 — 3 ACTIVE, 0 MAYBE_FINISHED, 5 total chairs
[2026-06-09T23:03:09.348Z] [INFO ] [realtime-job] Tick #330 — 3 ACTIVE, 0 MAYBE_FINISHED, 5 total chairs
[2026-06-09T23:03:14.392Z] [INFO ] [realtime-job] Tick #335 — 3 ACTIVE, 0 MAYBE_FINISHED, 5 total chairs
[2026-06-09T23:03:19.437Z] [INFO ] [realtime-job] Tick #340 — 3 ACTIVE, 0 MAYBE_FINISHED, 5 total chairs
[2026-06-09T23:03:24.482Z] [INFO ] [realtime-job] Tick #345 — 3 ACTIVE, 0 MAYBE_FINISHED, 5 total chairs
[2026-06-09T23:03:29.523Z] [INFO ] [realtime-job] Tick #350 — 3 ACTIVE, 0 MAYBE_FINISHED, 5 total chairs
[2026-06-09T23:03:34.567Z] [INFO ] [realtime-job] Tick #355 — 3 ACTIVE, 0 MAYBE_FINISHED, 5 total chairs
[2026-06-09T23:03:39.622Z] [INFO ] [realtime-job] Tick #360 — 3 ACTIVE, 0 MAYBE_FINISHED, 5 total chairs
[2026-06-09T23:03:44.658Z] [INFO ] [realtime-job] Tick #365 — 3 ACTIVE, 0 MAYBE_FINISHED, 5 total chairs
[2026-06-09T23:03:49.702Z] [INFO ] [realtime-job] Tick #370 — 3 ACTIVE, 0 MAYBE_FINISHED, 5 total chairs
[2026-06-09T23:03:54.759Z] [INFO ] [realtime-job] Tick #375 — 3 ACTIVE, 0 MAYBE_FINISHED, 5 total chairs
[2026-06-09T23:03:59.806Z] [INFO ] [realtime-job] Tick #380 — 3 ACTIVE, 0 MAYBE_FINISHED, 5 total chairs
[2026-06-09T23:04:04.845Z] [INFO ] [realtime-job] Tick #385 — 3 ACTIVE, 0 MAYBE_FINISHED, 5 total chairs
[2026-06-09T23:04:09.903Z] [INFO ] [realtime-job] Tick #390 — 3 ACTIVE, 0 MAYBE_FINISHED, 5 total chairs
[2026-06-09T23:04:14.948Z] [INFO ] [realtime-job] Tick #395 — 3 ACTIVE, 0 MAYBE_FINISHED, 5 total chairs
[2026-06-09T23:04:19.997Z] [INFO ] [realtime-job] Tick #400 — 3 ACTIVE, 0 MAYBE_FINISHED, 5 total chairs
[2026-06-09T23:04:25.053Z] [INFO ] [realtime-job] Tick #405 — 3 ACTIVE, 0 MAYBE_FINISHED, 5 total chairs
[2026-06-09T23:04:30.107Z] [INFO ] [realtime-job] Tick #410 — 3 ACTIVE, 0 MAYBE_FINISHED, 5 total chairs
[2026-06-09T23:04:35.156Z] [INFO ] [realtime-job] Tick #415 — 3 ACTIVE, 0 MAYBE_FINISHED, 5 total chairs
[2026-06-09T23:04:40.191Z] [INFO ] [realtime-job] Tick #420 — 3 ACTIVE, 0 MAYBE_FINISHED, 5 total chairs
[2026-06-09T23:04:45.242Z] [INFO ] [realtime-job] Tick #425 — 3 ACTIVE, 0 MAYBE_FINISHED, 5 total chairs
[2026-06-09T23:04:50.290Z] [INFO ] [realtime-job] Tick #430 — 3 ACTIVE, 0 MAYBE_FINISHED, 5 total chairs
[2026-06-09T23:04:55.327Z] [INFO ] [realtime-job] Tick #435 — 3 ACTIVE, 0 MAYBE_FINISHED, 5 total chairs
[2026-06-09T23:05:00.381Z] [INFO ] [realtime-job] Tick #440 — 3 ACTIVE, 0 MAYBE_FINISHED, 5 total chairs
[2026-06-09T23:05:05.426Z] [INFO ] [realtime-job] Tick #445 — 3 ACTIVE, 0 MAYBE_FINISHED, 5 total chairs
[2026-06-09T23:05:10.471Z] [INFO ] [realtime-job] Tick #450 — 3 ACTIVE, 0 MAYBE_FINISHED, 5 total chairs
[2026-06-09T23:05:15.523Z] [INFO ] [realtime-job] Tick #455 — 3 ACTIVE, 0 MAYBE_FINISHED, 5 total chairs
[2026-06-09T23:05:20.565Z] [INFO ] [realtime-job] Tick #460 — 3 ACTIVE, 0 MAYBE_FINISHED, 5 total chairs
[2026-06-09T23:05:25.622Z] [INFO ] [realtime-job] Tick #465 — 3 ACTIVE, 0 MAYBE_FINISHED, 5 total chairs
[2026-06-09T23:05:30.677Z] [INFO ] [realtime-job] Tick #470 — 3 ACTIVE, 0 MAYBE_FINISHED, 5 total chairs
[2026-06-09T23:05:35.725Z] [INFO ] [realtime-job] Tick #475 — 3 ACTIVE, 0 MAYBE_FINISHED, 5 total chairs
[2026-06-09T23:05:40.777Z] [INFO ] [realtime-job] Tick #480 — 3 ACTIVE, 0 MAYBE_FINISHED, 5 total chairs
[2026-06-09T23:05:45.814Z] [INFO ] [realtime-job] Tick #485 — 3 ACTIVE, 0 MAYBE_FINISHED, 5 total chairs
[2026-06-09T23:05:50.860Z] [INFO ] [realtime-job] Tick #490 — 3 ACTIVE, 0 MAYBE_FINISHED, 5 total chairs
[2026-06-09T23:05:55.906Z] [INFO ] [realtime-job] Tick #495 — 3 ACTIVE, 0 MAYBE_FINISHED, 5 total chairs
[2026-06-09T23:06:00.965Z] [INFO ] [realtime-job] Tick #500 — 3 ACTIVE, 0 MAYBE_FINISHED, 5 total chairs
[2026-06-09T23:06:06.025Z] [INFO ] [realtime-job] Tick #505 — 3 ACTIVE, 0 MAYBE_FINISHED, 5 total chairs
[2026-06-09T23:06:11.078Z] [INFO ] [realtime-job] Tick #510 — 3 ACTIVE, 0 MAYBE_FINISHED, 5 total chairs
[2026-06-09T23:06:16.129Z] [INFO ] [realtime-job] Tick #515 — 3 ACTIVE, 0 MAYBE_FINISHED, 5 total chairs
[2026-06-09T23:06:21.182Z] [INFO ] [realtime-job] Tick #520 — 3 ACTIVE, 0 MAYBE_FINISHED, 5 total chairs
[2026-06-09T23:06:26.223Z] [INFO ] [realtime-job] Tick #525 — 3 ACTIVE, 0 MAYBE_FINISHED, 5 total chairs
[2026-06-09T23:06:31.275Z] [INFO ] [realtime-job] Tick #530 — 3 ACTIVE, 0 MAYBE_FINISHED, 5 total chairs
[2026-06-09T23:06:36.314Z] [INFO ] [realtime-job] Tick #535 — 3 ACTIVE, 0 MAYBE_FINISHED, 5 total chairs
[2026-06-09T23:06:41.367Z] [INFO ] [realtime-job] Tick #540 — 3 ACTIVE, 0 MAYBE_FINISHED, 5 total chairs
[2026-06-09T23:06:46.418Z] [INFO ] [realtime-job] Tick #545 — 3 ACTIVE, 0 MAYBE_FINISHED, 5 total chairs
[2026-06-09T23:06:51.464Z] [INFO ] [realtime-job] Tick #550 — 3 ACTIVE, 0 MAYBE_FINISHED, 5 total chairs
[2026-06-09T23:06:56.522Z] [INFO ] [realtime-job] Tick #555 — 3 ACTIVE, 0 MAYBE_FINISHED, 5 total chairs
[2026-06-09T23:07:01.566Z] [INFO ] [realtime-job] Tick #560 — 3 ACTIVE, 0 MAYBE_FINISHED, 5 total chairs
[2026-06-09T23:07:06.613Z] [INFO ] [realtime-job] Tick #565 — 3 ACTIVE, 0 MAYBE_FINISHED, 5 total chairs
[2026-06-09T23:07:11.666Z] [INFO ] [realtime-job] Tick #570 — 3 ACTIVE, 0 MAYBE_FINISHED, 5 total chairs
[2026-06-09T23:07:16.708Z] [INFO ] [realtime-job] Tick #575 — 3 ACTIVE, 0 MAYBE_FINISHED, 5 total chairs
[2026-06-09T23:07:21.748Z] [INFO ] [realtime-job] Tick #580 — 3 ACTIVE, 0 MAYBE_FINISHED, 5 total chairs
[2026-06-09T23:07:26.796Z] [INFO ] [realtime-job] Tick #585 — 3 ACTIVE, 0 MAYBE_FINISHED, 5 total chairs
[2026-06-09T23:07:31.836Z] [INFO ] [realtime-job] Tick #590 — 3 ACTIVE, 0 MAYBE_FINISHED, 5 total chairs
[2026-06-09T23:07:36.877Z] [INFO ] [realtime-job] Tick #595 — 3 ACTIVE, 0 MAYBE_FINISHED, 5 total chairs
[2026-06-09T23:07:41.924Z] [INFO ] [realtime-job] Tick #600 — 3 ACTIVE, 0 MAYBE_FINISHED, 5 total chairs
[2026-06-09T23:07:46.976Z] [INFO ] [realtime-job] Tick #605 — 3 ACTIVE, 0 MAYBE_FINISHED, 5 total chairs
[2026-06-09T23:07:52.025Z] [INFO ] [realtime-job] Tick #610 — 3 ACTIVE, 0 MAYBE_FINISHED, 5 total chairs
[2026-06-09T23:07:57.079Z] [INFO ] [realtime-job] Tick #615 — 3 ACTIVE, 0 MAYBE_FINISHED, 5 total chairs
[2026-06-09T23:08:02.131Z] [INFO ] [realtime-job] Tick #620 — 3 ACTIVE, 0 MAYBE_FINISHED, 5 total chairs
[2026-06-09T23:08:07.182Z] [INFO ] [realtime-job] Tick #625 — 3 ACTIVE, 0 MAYBE_FINISHED, 5 total chairs
[2026-06-09T23:08:12.231Z] [INFO ] [realtime-job] Tick #630 — 3 ACTIVE, 0 MAYBE_FINISHED, 5 total chairs
[2026-06-09T23:08:17.278Z] [INFO ] [realtime-job] Tick #635 — 3 ACTIVE, 0 MAYBE_FINISHED, 5 total chairs
[2026-06-09T23:08:22.323Z] [INFO ] [realtime-job] Tick #640 — 3 ACTIVE, 0 MAYBE_FINISHED, 5 total chairs
[2026-06-09T23:08:27.369Z] [INFO ] [realtime-job] Tick #645 — 3 ACTIVE, 0 MAYBE_FINISHED, 5 total chairs
[2026-06-09T23:08:32.408Z] [INFO ] [realtime-job] Tick #650 — 3 ACTIVE, 0 MAYBE_FINISHED, 5 total chairs
[2026-06-09T23:08:37.456Z] [INFO ] [realtime-job] Tick #655 — 3 ACTIVE, 0 MAYBE_FINISHED, 5 total chairs
[2026-06-09T23:08:42.499Z] [INFO ] [realtime-job] Tick #660 — 3 ACTIVE, 0 MAYBE_FINISHED, 5 total chairs
[2026-06-09T23:08:47.538Z] [INFO ] [realtime-job] Tick #665 — 3 ACTIVE, 0 MAYBE_FINISHED, 5 total chairs
[2026-06-09T23:08:52.579Z] [INFO ] [realtime-job] Tick #670 — 3 ACTIVE, 0 MAYBE_FINISHED, 5 total chairs
[2026-06-09T23:08:57.626Z] [INFO ] [realtime-job] Tick #675 — 3 ACTIVE, 0 MAYBE_FINISHED, 5 total chairs
[2026-06-09T23:09:02.680Z] [INFO ] [realtime-job] Tick #680 — 3 ACTIVE, 0 MAYBE_FINISHED, 5 total chairs
[2026-06-09T23:09:07.727Z] [INFO ] [realtime-job] Tick #685 — 3 ACTIVE, 0 MAYBE_FINISHED, 5 total chairs
[2026-06-09T23:09:12.773Z] [INFO ] [realtime-job] Tick #690 — 3 ACTIVE, 0 MAYBE_FINISHED, 5 total chairs
[2026-06-09T23:09:17.797Z] [INFO ] [realtime-job] Tick #695 — 3 ACTIVE, 0 MAYBE_FINISHED, 5 total chairs
[2026-06-09T23:09:22.849Z] [INFO ] [realtime-job] Tick #700 — 3 ACTIVE, 0 MAYBE_FINISHED, 5 total chairs
[2026-06-09T23:09:27.888Z] [INFO ] [realtime-job] Tick #705 — 3 ACTIVE, 0 MAYBE_FINISHED, 5 total chairs
[2026-06-09T23:09:32.930Z] [INFO ] [realtime-job] Tick #710 — 3 ACTIVE, 0 MAYBE_FINISHED, 5 total chairs
[2026-06-09T23:09:37.967Z] [INFO ] [realtime-job] Tick #715 — 3 ACTIVE, 0 MAYBE_FINISHED, 5 total chairs
[2026-06-09T23:09:43.023Z] [INFO ] [realtime-job] Tick #720 — 3 ACTIVE, 0 MAYBE_FINISHED, 5 total chairs
[2026-06-09T23:09:48.071Z] [INFO ] [realtime-job] Tick #725 — 3 ACTIVE, 0 MAYBE_FINISHED, 5 total chairs
[2026-06-09T23:09:53.116Z] [INFO ] [realtime-job] Tick #730 — 3 ACTIVE, 0 MAYBE_FINISHED, 5 total chairs
[2026-06-09T23:09:58.150Z] [INFO ] [realtime-job] Tick #735 — 3 ACTIVE, 0 MAYBE_FINISHED, 5 total chairs
[2026-06-09T23:10:03.196Z] [INFO ] [realtime-job] Tick #740 — 3 ACTIVE, 0 MAYBE_FINISHED, 5 total chairs
[2026-06-09T23:10:08.237Z] [INFO ] [realtime-job] Tick #745 — 3 ACTIVE, 0 MAYBE_FINISHED, 5 total chairs
[2026-06-09T23:10:13.294Z] [INFO ] [realtime-job] Tick #750 — 3 ACTIVE, 0 MAYBE_FINISHED, 5 total chairs
[2026-06-09T23:10:18.331Z] [INFO ] [realtime-job] Tick #755 — 3 ACTIVE, 0 MAYBE_FINISHED, 5 total chairs
[2026-06-09T23:10:23.377Z] [INFO ] [realtime-job] Tick #760 — 3 ACTIVE, 0 MAYBE_FINISHED, 5 total chairs
[2026-06-09T23:10:28.416Z] [INFO ] [realtime-job] Tick #765 — 3 ACTIVE, 0 MAYBE_FINISHED, 5 total chairs
[2026-06-09T23:10:33.469Z] [INFO ] [realtime-job] Tick #770 — 3 ACTIVE, 0 MAYBE_FINISHED, 5 total chairs
[2026-06-09T23:10:38.517Z] [INFO ] [realtime-job] Tick #775 — 3 ACTIVE, 0 MAYBE_FINISHED, 5 total chairs
[2026-06-09T23:10:43.563Z] [INFO ] [realtime-job] Tick #780 — 3 ACTIVE, 0 MAYBE_FINISHED, 5 total chairs
[2026-06-09T23:10:48.593Z] [INFO ] [realtime-job] Tick #785 — 3 ACTIVE, 0 MAYBE_FINISHED, 5 total chairs
[2026-06-09T23:10:53.641Z] [INFO ] [realtime-job] Tick #790 — 3 ACTIVE, 0 MAYBE_FINISHED, 5 total chairs
[2026-06-09T23:10:58.685Z] [INFO ] [realtime-job] Tick #795 — 3 ACTIVE, 0 MAYBE_FINISHED, 5 total chairs
[2026-06-09T23:11:03.737Z] [INFO ] [realtime-job] Tick #800 — 3 ACTIVE, 0 MAYBE_FINISHED, 5 total chairs
[2026-06-09T23:11:08.783Z] [INFO ] [realtime-job] Tick #805 — 3 ACTIVE, 0 MAYBE_FINISHED, 5 total chairs
[2026-06-09T23:11:13.832Z] [INFO ] [realtime-job] Tick #810 — 3 ACTIVE, 0 MAYBE_FINISHED, 5 total chairs
[2026-06-09T23:11:18.875Z] [INFO ] [realtime-job] Tick #815 — 3 ACTIVE, 0 MAYBE_FINISHED, 5 total chairs
[2026-06-09T23:11:23.918Z] [INFO ] [realtime-job] Tick #820 — 3 ACTIVE, 0 MAYBE_FINISHED, 5 total chairs
[2026-06-09T23:11:28.947Z] [INFO ] [realtime-job] Tick #825 — 3 ACTIVE, 0 MAYBE_FINISHED, 5 total chairs
[2026-06-09T23:11:33.993Z] [INFO ] [realtime-job] Tick #830 — 3 ACTIVE, 0 MAYBE_FINISHED, 5 total chairs
[2026-06-09T23:11:39.046Z] [INFO ] [realtime-job] Tick #835 — 3 ACTIVE, 0 MAYBE_FINISHED, 5 total chairs
[2026-06-09T23:11:44.086Z] [INFO ] [realtime-job] Tick #840 — 3 ACTIVE, 0 MAYBE_FINISHED, 5 total chairs
[2026-06-09T23:11:49.135Z] [INFO ] [realtime-job] Tick #845 — 3 ACTIVE, 0 MAYBE_FINISHED, 5 total chairs
[2026-06-09T23:11:54.182Z] [INFO ] [realtime-job] Tick #850 — 3 ACTIVE, 0 MAYBE_FINISHED, 5 total chairs
[2026-06-09T23:11:59.238Z] [INFO ] [realtime-job] Tick #855 — 3 ACTIVE, 0 MAYBE_FINISHED, 5 total chairs
[2026-06-09T23:12:04.281Z] [INFO ] [realtime-job] Tick #860 — 3 ACTIVE, 0 MAYBE_FINISHED, 5 total chairs
[2026-06-09T23:12:09.326Z] [INFO ] [realtime-job] Tick #865 — 3 ACTIVE, 0 MAYBE_FINISHED, 5 total chairs
[2026-06-09T23:12:14.379Z] [INFO ] [realtime-job] Tick #870 — 3 ACTIVE, 0 MAYBE_FINISHED, 5 total chairs
[2026-06-09T23:12:19.430Z] [INFO ] [realtime-job] Tick #875 — 3 ACTIVE, 0 MAYBE_FINISHED, 5 total chairs
[2026-06-09T23:12:24.479Z] [INFO ] [realtime-job] Tick #880 — 3 ACTIVE, 0 MAYBE_FINISHED, 5 total chairs
[2026-06-09T23:12:29.540Z] [INFO ] [realtime-job] Tick #885 — 3 ACTIVE, 0 MAYBE_FINISHED, 5 total chairs
[2026-06-09T23:12:34.588Z] [INFO ] [realtime-job] Tick #890 — 3 ACTIVE, 0 MAYBE_FINISHED, 5 total chairs
[2026-06-09T23:12:39.648Z] [INFO ] [realtime-job] Tick #895 — 3 ACTIVE, 0 MAYBE_FINISHED, 5 total chairs
[2026-06-09T23:12:44.696Z] [INFO ] [realtime-job] Tick #900 — 3 ACTIVE, 0 MAYBE_FINISHED, 5 total chairs
[2026-06-09T23:12:49.758Z] [INFO ] [realtime-job] Tick #905 — 3 ACTIVE, 0 MAYBE_FINISHED, 5 total chairs
[2026-06-09T23:12:54.810Z] [INFO ] [realtime-job] Tick #910 — 3 ACTIVE, 0 MAYBE_FINISHED, 5 total chairs
[2026-06-09T23:12:59.868Z] [INFO ] [realtime-job] Tick #915 — 3 ACTIVE, 0 MAYBE_FINISHED, 5 total chairs
[2026-06-09T23:13:04.915Z] [INFO ] [realtime-job] Tick #920 — 3 ACTIVE, 0 MAYBE_FINISHED, 5 total chairs
[2026-06-09T23:13:09.963Z] [INFO ] [realtime-job] Tick #925 — 3 ACTIVE, 0 MAYBE_FINISHED, 5 total chairs
[2026-06-09T23:13:15.005Z] [INFO ] [realtime-job] Tick #930 — 3 ACTIVE, 0 MAYBE_FINISHED, 5 total chairs
[2026-06-09T23:13:20.056Z] [INFO ] [realtime-job] Tick #935 — 3 ACTIVE, 0 MAYBE_FINISHED, 5 total chairs
[2026-06-09T23:13:25.093Z] [INFO ] [realtime-job] Tick #940 — 3 ACTIVE, 0 MAYBE_FINISHED, 5 total chairs
[2026-06-09T23:13:30.133Z] [INFO ] [realtime-job] Tick #945 — 3 ACTIVE, 0 MAYBE_FINISHED, 5 total chairs
[2026-06-09T23:13:35.175Z] [INFO ] [realtime-job] Tick #950 — 3 ACTIVE, 0 MAYBE_FINISHED, 5 total chairs
[2026-06-09T23:13:40.228Z] [INFO ] [realtime-job] Tick #955 — 3 ACTIVE, 0 MAYBE_FINISHED, 5 total chairs
[2026-06-09T23:13:45.284Z] [INFO ] [realtime-job] Tick #960 — 3 ACTIVE, 0 MAYBE_FINISHED, 5 total chairs
[2026-06-09T23:13:50.339Z] [INFO ] [realtime-job] Tick #965 — 3 ACTIVE, 0 MAYBE_FINISHED, 5 total chairs
[2026-06-09T23:13:55.380Z] [INFO ] [realtime-job] Tick #970 — 3 ACTIVE, 0 MAYBE_FINISHED, 5 total chairs
[2026-06-09T23:14:00.432Z] [INFO ] [realtime-job] Tick #975 — 3 ACTIVE, 0 MAYBE_FINISHED, 5 total chairs
[2026-06-09T23:14:05.474Z] [INFO ] [realtime-job] Tick #980 — 3 ACTIVE, 0 MAYBE_FINISHED, 5 total chairs
[2026-06-09T23:14:10.531Z] [INFO ] [realtime-job] Tick #985 — 3 ACTIVE, 0 MAYBE_FINISHED, 5 total chairs
[2026-06-09T23:14:15.578Z] [INFO ] [realtime-job] Tick #990 — 3 ACTIVE, 0 MAYBE_FINISHED, 5 total chairs
[2026-06-09T23:14:20.634Z] [INFO ] [realtime-job] Tick #995 — 3 ACTIVE, 0 MAYBE_FINISHED, 5 total chairs
[2026-06-09T23:14:25.674Z] [INFO ] [realtime-job] Tick #1000 — 3 ACTIVE, 0 MAYBE_FINISHED, 5 total chairs
[2026-06-09T23:14:30.728Z] [INFO ] [realtime-job] Tick #1005 — 3 ACTIVE, 0 MAYBE_FINISHED, 5 total chairs
[2026-06-09T23:14:35.760Z] [INFO ] [realtime-job] Tick #1010 — 3 ACTIVE, 0 MAYBE_FINISHED, 5 total chairs
[2026-06-09T23:14:40.817Z] [INFO ] [realtime-job] Tick #1015 — 3 ACTIVE, 0 MAYBE_FINISHED, 5 total chairs
[2026-06-09T23:14:45.871Z] [INFO ] [realtime-job] Tick #1020 — 3 ACTIVE, 0 MAYBE_FINISHED, 5 total chairs
[2026-06-09T23:14:50.924Z] [INFO ] [realtime-job] Tick #1025 — 3 ACTIVE, 0 MAYBE_FINISHED, 5 total chairs
[2026-06-09T23:14:55.971Z] [INFO ] [realtime-job] Tick #1030 — 3 ACTIVE, 0 MAYBE_FINISHED, 5 total chairs
[2026-06-09T23:15:01.021Z] [INFO ] [realtime-job] Tick #1035 — 3 ACTIVE, 0 MAYBE_FINISHED, 5 total chairs
[2026-06-09T23:15:06.071Z] [INFO ] [realtime-job] Tick #1040 — 3 ACTIVE, 0 MAYBE_FINISHED, 5 total chairs
[2026-06-09T23:15:11.124Z] [INFO ] [realtime-job] Tick #1045 — 3 ACTIVE, 0 MAYBE_FINISHED, 5 total chairs
[2026-06-09T23:15:16.182Z] [INFO ] [realtime-job] Tick #1050 — 3 ACTIVE, 0 MAYBE_FINISHED, 5 total chairs
[2026-06-09T23:15:21.232Z] [INFO ] [realtime-job] Tick #1055 — 3 ACTIVE, 0 MAYBE_FINISHED, 5 total chairs
[2026-06-09T23:15:26.287Z] [INFO ] [realtime-job] Tick #1060 — 3 ACTIVE, 0 MAYBE_FINISHED, 5 total chairs
[2026-06-09T23:15:31.324Z] [INFO ] [realtime-job] Tick #1065 — 3 ACTIVE, 0 MAYBE_FINISHED, 5 total chairs
[2026-06-09T23:15:36.364Z] [INFO ] [realtime-job] Tick #1070 — 3 ACTIVE, 0 MAYBE_FINISHED, 5 total chairs
[2026-06-09T23:15:41.397Z] [INFO ] [realtime-job] Tick #1075 — 3 ACTIVE, 0 MAYBE_FINISHED, 5 total chairs
[2026-06-09T23:15:46.446Z] [INFO ] [realtime-job] Tick #1080 — 3 ACTIVE, 0 MAYBE_FINISHED, 5 total chairs
[2026-06-09T23:15:51.496Z] [INFO ] [realtime-job] Tick #1085 — 3 ACTIVE, 0 MAYBE_FINISHED, 5 total chairs
[2026-06-09T23:15:56.534Z] [INFO ] [realtime-job] Tick #1090 — 3 ACTIVE, 0 MAYBE_FINISHED, 5 total chairs
[2026-06-09T23:16:01.591Z] [INFO ] [realtime-job] Tick #1095 — 3 ACTIVE, 0 MAYBE_FINISHED, 5 total chairs
[2026-06-09T23:16:06.641Z] [INFO ] [realtime-job] Tick #1100 — 3 ACTIVE, 0 MAYBE_FINISHED, 5 total chairs
[2026-06-09T23:16:11.688Z] [INFO ] [realtime-job] Tick #1105 — 3 ACTIVE, 0 MAYBE_FINISHED, 5 total chairs
[2026-06-09T23:16:16.729Z] [INFO ] [realtime-job] Tick #1110 — 3 ACTIVE, 0 MAYBE_FINISHED, 5 total chairs
[2026-06-09T23:16:21.778Z] [INFO ] [realtime-job] Tick #1115 — 3 ACTIVE, 0 MAYBE_FINISHED, 5 total chairs
[2026-06-09T23:16:26.837Z] [INFO ] [realtime-job] Tick #1120 — 3 ACTIVE, 0 MAYBE_FINISHED, 5 total chairs
[2026-06-09T23:16:31.870Z] [INFO ] [realtime-job] Tick #1125 — 3 ACTIVE, 0 MAYBE_FINISHED, 5 total chairs
[2026-06-09T23:16:36.931Z] [INFO ] [realtime-job] Tick #1130 — 3 ACTIVE, 0 MAYBE_FINISHED, 5 total chairs
[2026-06-09T23:16:41.992Z] [INFO ] [realtime-job] Tick #1135 — 3 ACTIVE, 0 MAYBE_FINISHED, 5 total chairs
[2026-06-09T23:16:47.039Z] [INFO ] [realtime-job] Tick #1140 — 3 ACTIVE, 0 MAYBE_FINISHED, 5 total chairs
[2026-06-09T23:16:52.095Z] [INFO ] [realtime-job] Tick #1145 — 3 ACTIVE, 0 MAYBE_FINISHED, 5 total chairs
[2026-06-09T23:16:57.143Z] [INFO ] [realtime-job] Tick #1150 — 3 ACTIVE, 0 MAYBE_FINISHED, 5 total chairs
[2026-06-09T23:17:02.201Z] [INFO ] [realtime-job] Tick #1155 — 3 ACTIVE, 0 MAYBE_FINISHED, 5 total chairs
[2026-06-09T23:17:07.234Z] [INFO ] [realtime-job] Tick #1160 — 3 ACTIVE, 0 MAYBE_FINISHED, 5 total chairs
[2026-06-09T23:17:12.277Z] [INFO ] [realtime-job] Tick #1165 — 3 ACTIVE, 0 MAYBE_FINISHED, 5 total chairs
[2026-06-09T23:17:17.315Z] [INFO ] [realtime-job] Tick #1170 — 3 ACTIVE, 0 MAYBE_FINISHED, 5 total chairs
[2026-06-09T23:17:22.373Z] [INFO ] [realtime-job] Tick #1175 — 3 ACTIVE, 0 MAYBE_FINISHED, 5 total chairs
[2026-06-09T23:17:27.420Z] [INFO ] [realtime-job] Tick #1180 — 3 ACTIVE, 0 MAYBE_FINISHED, 5 total chairs
[2026-06-09T23:17:32.477Z] [INFO ] [realtime-job] Tick #1185 — 3 ACTIVE, 0 MAYBE_FINISHED, 5 total chairs
[2026-06-09T23:17:37.540Z] [INFO ] [realtime-job] Tick #1190 — 3 ACTIVE, 0 MAYBE_FINISHED, 5 total chairs
[2026-06-09T23:17:42.586Z] [INFO ] [realtime-job] Tick #1195 — 3 ACTIVE, 0 MAYBE_FINISHED, 5 total chairs
[2026-06-09T23:17:47.639Z] [INFO ] [realtime-job] Tick #1200 — 3 ACTIVE, 0 MAYBE_FINISHED, 5 total chairs
[2026-06-09T23:17:52.683Z] [INFO ] [realtime-job] Tick #1205 — 3 ACTIVE, 0 MAYBE_FINISHED, 5 total chairs
[2026-06-09T23:17:57.727Z] [INFO ] [realtime-job] Tick #1210 — 3 ACTIVE, 0 MAYBE_FINISHED, 5 total chairs
[2026-06-09T23:18:02.780Z] [INFO ] [realtime-job] Tick #1215 — 3 ACTIVE, 0 MAYBE_FINISHED, 5 total chairs
[2026-06-09T23:18:06.795Z] [DEBUG] [shelly] POST shelly-165-eu.shelly.cloud/v2/devices/api/get (5 devices)
[2026-06-09T23:18:07.826Z] [INFO ] [realtime-job] Tick #1220 — 3 ACTIVE, 0 MAYBE_FINISHED, 5 total chairs
[2026-06-09T23:18:12.852Z] [INFO ] [realtime-job] Tick #1225 — 3 ACTIVE, 0 MAYBE_FINISHED, 5 total chairs
[2026-06-09T23:18:17.882Z] [INFO ] [realtime-job] Tick #1230 — 3 ACTIVE, 0 MAYBE_FINISHED, 5 total chairs
[2026-06-09T23:18:22.910Z] [INFO ] [realtime-job] Tick #1235 — 3 ACTIVE, 0 MAYBE_FINISHED, 5 total chairs
[2026-06-09T23:18:27.944Z] [INFO ] [realtime-job] Tick #1240 — 3 ACTIVE, 0 MAYBE_FINISHED, 5 total chairs
[2026-06-09T23:18:32.989Z] [INFO ] [realtime-job] Tick #1245 — 3 ACTIVE, 0 MAYBE_FINISHED, 5 total chairs
[2026-06-09T23:18:38.034Z] [INFO ] [realtime-job] Tick #1250 — 3 ACTIVE, 0 MAYBE_FINISHED, 5 total chairs
01:18:38 [tsx] change in ./modules\shelly\shelly.service.ts Restarting...
c[2026-06-09T23:18:39.517Z] [INFO ] ─────────────────────────────────────────
[2026-06-09T23:18:39.518Z] [INFO ] Dream Massage realtime server started
[2026-06-09T23:18:39.518Z] [INFO ]   Port       : 4000
[2026-06-09T23:18:39.518Z] [INFO ]   Mode       : development
[2026-06-09T23:18:39.518Z] [INFO ]   Origin     : http://localhost:3000
[2026-06-09T23:18:39.518Z] [INFO ]   Simulation : OFF
[2026-06-09T23:18:39.518Z] [INFO ]   Shelly     : configured
[2026-06-09T23:18:39.518Z] [INFO ] ─────────────────────────────────────────
[2026-06-09T23:18:39.518Z] [INFO ] [realtime-job] Starting — interval 1000ms, simulation OFF, fast-mode OFF
[2026-06-09T23:18:44.552Z] [INFO ] [realtime-job] Tick #5 — 3 ACTIVE, 0 MAYBE_FINISHED, 5 total chairs
[2026-06-09T23:18:45.209Z] [DEBUG] [shelly] POST shelly-165-eu.shelly.cloud/v2/devices/api/get (5 devices)
[2026-06-09T23:18:45.405Z] [WARN ] [shelly] isok=false, raw response: [{"id":"f1b457","type":"relay","code":"SHPLG-S","gen":"G1","online":0,"status":{"cfg_changed_cnt":0,"temperature":32.26,"uptime":368985,"tmp":{"tC":32.26,"tF":90.07,"is_valid":true},"unixtime":1780339977,"fs_free":167417,"mac":"E868E7F1B457","relays":[{"ison":true,"has_timer":false,"timer_started":0,"timer_duration":0,"timer_remaining":0,"overpower":false,"source":"input"}],"mqtt":{"connected":false},"ram_free":41172,"overtemperature":false,"ram_total":52056,"cloud":{"enabled":true,"connected":t
[2026-06-09T23:18:49.597Z] [INFO ] [realtime-job] Tick #10 — 3 ACTIVE, 0 MAYBE_FINISHED, 5 total chairs
[2026-06-09T23:18:54.635Z] [INFO ] [realtime-job] Tick #15 — 3 ACTIVE, 0 MAYBE_FINISHED, 5 total chairs
[2026-06-09T23:18:59.674Z] [INFO ] [realtime-job] Tick #20 — 3 ACTIVE, 0 MAYBE_FINISHED, 5 total chairs
[2026-06-09T23:19:04.710Z] [INFO ] [realtime-job] Tick #25 — 3 ACTIVE, 0 MAYBE_FINISHED, 5 total chairs
[2026-06-09T23:19:09.741Z] [INFO ] [realtime-job] Tick #30 — 3 ACTIVE, 0 MAYBE_FINISHED, 5 total chairs
[2026-06-09T23:19:14.763Z] [INFO ] [realtime-job] Tick #35 — 3 ACTIVE, 0 MAYBE_FINISHED, 5 total chairs
[2026-06-09T23:19:19.801Z] [INFO ] [realtime-job] Tick #40 — 3 ACTIVE, 0 MAYBE_FINISHED, 5 total chairs
[2026-06-09T23:19:24.832Z] [INFO ] [realtime-job] Tick #45 — 3 ACTIVE, 0 MAYBE_FINISHED, 5 total chairs
[2026-06-09T23:19:29.868Z] [INFO ] [realtime-job] Tick #50 — 3 ACTIVE, 0 MAYBE_FINISHED, 5 total chairs
01:19:30 [tsx] change in ./modules\shelly\shelly.service.ts Restarting...
c[2026-06-09T23:19:31.582Z] [INFO ] ─────────────────────────────────────────
[2026-06-09T23:19:31.584Z] [INFO ] Dream Massage realtime server started
[2026-06-09T23:19:31.584Z] [INFO ]   Port       : 4000
[2026-06-09T23:19:31.584Z] [INFO ]   Mode       : development
[2026-06-09T23:19:31.584Z] [INFO ]   Origin     : http://localhost:3000
[2026-06-09T23:19:31.584Z] [INFO ]   Simulation : OFF
[2026-06-09T23:19:31.584Z] [INFO ]   Shelly     : configured
[2026-06-09T23:19:31.584Z] [INFO ] ─────────────────────────────────────────
[2026-06-09T23:19:31.584Z] [INFO ] [realtime-job] Starting — interval 1000ms, simulation OFF, fast-mode OFF
[2026-06-09T23:19:36.643Z] [INFO ] [realtime-job] Tick #5 — 3 ACTIVE, 0 MAYBE_FINISHED, 5 total chairs
[2026-06-09T23:19:41.662Z] [INFO ] [realtime-job] Tick #10 — 3 ACTIVE, 0 MAYBE_FINISHED, 5 total chairs
[2026-06-09T23:19:43.950Z] [DEBUG] [shelly] POST shelly-165-eu.shelly.cloud/v2/devices/api/get (5 devices)
[2026-06-09T23:19:46.697Z] [INFO ] [realtime-job] Tick #15 — 3 ACTIVE, 0 MAYBE_FINISHED, 5 total chairs
